{"total": {"lines":{"total":61,"covered":61,"skipped":0,"pct":100},"statements":{"total":61,"covered":61,"skipped":0,"pct":100},"functions":{"total":21,"covered":21,"skipped":0,"pct":100},"branches":{"total":8,"covered":7,"skipped":0,"pct":87.5}}
,"C:\\Users\\Administrator\\WebstormProjects\\talbs254-sqe-workshop-2018-exercise-1\\src\\js\\code-analyzer.js": {"lines":{"total":61,"covered":61,"skipped":0,"pct":100},"functions":{"total":21,"covered":21,"skipped":0,"pct":100},"statements":{"total":61,"covered":61,"skipped":0,"pct":100},"branches":{"total":8,"covered":7,"skipped":0,"pct":87.5}}
}
